  Capitulo4.cpp
c:\users\chong\documents\programacioni\trash\capitulo4.cpp(50): warning C4018: '<': no coinciden signed/unsigned
c:\users\chong\documents\programacioni\trash\capitulo4.cpp(57): warning C4018: '<': no coinciden signed/unsigned
c:\users\chong\documents\programacioni\trash\capitulo4.cpp(64): warning C4018: '<': no coinciden signed/unsigned
c:\users\chong\documents\programacioni\trash\capitulo4.cpp(71): warning C4018: '<': no coinciden signed/unsigned
c:\users\chong\documents\programacioni\trash\capitulo4.cpp(42): warning C4101: 'iterador': variable local sin referencia
c:\users\chong\documents\programacioni\trash\capitulo4.cpp(21): warning C4101: 'Elemento': variable local sin referencia
c:\users\chong\documents\programacioni\trash\capitulo4.cpp(120): warning C4244: 'inicializando': conversión de 'T' a 'int'; posible pérdida de datos
          with
          [
              T=double
          ]
c:\users\chong\documents\programacioni\trash\capitulo4.cpp(121): warning C4244: 'inicializando': conversión de 'T' a 'int'; posible pérdida de datos
          with
          [
              T=double
          ]
c:\users\chong\documents\programacioni\trash\capitulo4.cpp(124): warning C4390: ';': se encontró una instrucción controlada vacía; ¿es esa la intención?
c:\users\chong\documents\programacioni\trash\capitulo4.cpp(155): warning C4018: '<': no coinciden signed/unsigned
c:\users\chong\documents\programacioni\trash\capitulo4.cpp(170): warning C4018: '<': no coinciden signed/unsigned
c:\users\chong\documents\programacioni\trash\capitulo4.cpp(181): warning C4018: '<': no coinciden signed/unsigned
c:\users\chong\documents\programacioni\trash\capitulo4.cpp(195): warning C4018: '<': no coinciden signed/unsigned
c:\users\chong\documents\programacioni\trash\capitulo4.cpp(212): warning C4018: '<': no coinciden signed/unsigned
c:\users\chong\documents\programacioni\trash\capitulo4.cpp(222): warning C4018: '<': no coinciden signed/unsigned
c:\users\chong\documents\programacioni\trash\capitulo4.cpp(1418): warning C4101: 'PC': variable local sin referencia
c:\users\chong\documents\programacioni\trash\capitulo4.cpp(109): warning C4715: 'ejercicio2': no todas las rutas de acceso de control devuelven un valor
c:\users\chong\documents\programacioni\trash\capitulo4.cpp(1324): warning C4715: 'Ejercicio7': no todas las rutas de acceso de control devuelven un valor
  Trash.vcxproj -> C:\Users\Chong\Documents\ProgramacionI\Trash\Debug\Escuela.exe
